0 info it worked if it ends with ok
1 verbose cli [ 'C:\\nodejs\\\\node.exe',
1 verbose cli   'C:\\nodejs\\node_modules\\npm\\bin\\npm-cli.js',
1 verbose cli   'start' ]
2 info using npm@3.10.10
3 info using node@v0.12.18
4 verbose run-script [ 'prestart', 'start', 'poststart' ]
5 info lifecycle ReactJSProject@1.0.0~prestart: ReactJSProject@1.0.0
6 silly lifecycle ReactJSProject@1.0.0~prestart: no script for prestart, continuing
7 info lifecycle ReactJSProject@1.0.0~start: ReactJSProject@1.0.0
8 verbose lifecycle ReactJSProject@1.0.0~start: unsafe-perm in lifecycle true
9 verbose lifecycle ReactJSProject@1.0.0~start: PATH: C:\nodejs\node_modules\npm\bin\node-gyp-bin;C:\ReactJSProject\node_modules\.bin;C:\app\mohammaa\product\11.2.0\client_1;C:\app\mohammaa\product\11.2.0\client_1\bin;C:\oraclexe\app\oracle\product\11.2.0\server\bin;C:\ProgramData\Oracle\Java\javapath;C:\Program Files (x86)\RSA SecurID Token Common;C:\windows\system32;C:\windows;C:\windows\System32\Wbem;C:\windows\System32\WindowsPowerShell\v1.0\;C:\Program Files (x86)\Microsoft ASP.NET\ASP.NET Web Pages\v1.0\;C:\Program Files (x86)\Windows Kits\8.0\Windows Performance Toolkit\;C:\Program Files\Microsoft SQL Server\110\Tools\Binn\;c:\Program Files (x86)\Microsoft SQL Server\100\Tools\Binn\;c:\Program Files (x86)\Microsoft SQL Server\100\DTS\Binn\;c:\Program Files (x86)\Microsoft SQL Server\100\Tools\Binn\VSShell\Common7\IDE\;C:\Program Files\Git\cmd;C:\Program Files\Microsoft\Web Platform Installer\;C:\windows\system32\config\systemprofile\.dnx\bin;C:\Program Files\Microsoft DNX\Dnvm\;C:\Program Files\Microsoft SQL Server\120\Tools\Binn\;C:\Program Files\Microsoft SQL Server\130\Tools\Binn\;C:\Program Files\TortoiseGit\bin;C:\Program Files\Microsoft SQL Server\Client SDK\ODBC\110\Tools\Binn\;C:\Program Files (x86)\Microsoft SQL Server\120\Tools\Binn\ManagementStudio\;C:\Program Files (x86)\Microsoft SQL Server\120\Tools\Binn\;C:\Program Files (x86)\Microsoft SQL Server\120\DTS\Binn\;C:\Program Files\Microsoft SQL Server\120\DTS\Binn\;C:\Program Files (x86)\Sennheiser\SoftphoneSDK\;C:\Program Files\PuTTY\;C:\PhantomJs\bin\phantomjs;C:\nodejs\;C:\app\mohammaa\product\11.2.0\client_1\bin;C:\app\mohammaa\product\11.2.0\client_1\bin;C:\Program Files (x86)\WebEx\Productivity Tools;C:\oracle\instantclient_12_2;C:\Program Files (x86)\Microsoft VS Code\bin;C:\PhantomJs\bin\PhantomJs;C:\Users\mohammaa\AppData\Roaming\npm;C:\Users\mohammaa\AppData\Local\atom\bin;C:\Users\mohammaa\AppData\Local\Programs\Fiddler
10 verbose lifecycle ReactJSProject@1.0.0~start: CWD: C:\ReactJSProject
11 silly lifecycle ReactJSProject@1.0.0~start: Args: [ '/d /s /c', 'webpack-dev-server' ]
12 silly lifecycle ReactJSProject@1.0.0~start: Returned: code: 1  signal: null
13 info lifecycle ReactJSProject@1.0.0~start: Failed to exec start script
14 verbose stack Error: ReactJSProject@1.0.0 start: `webpack-dev-server`
14 verbose stack Exit status 1
14 verbose stack     at EventEmitter.<anonymous> (C:\nodejs\node_modules\npm\lib\utils\lifecycle.js:255:16)
14 verbose stack     at EventEmitter.emit (events.js:110:17)
14 verbose stack     at ChildProcess.<anonymous> (C:\nodejs\node_modules\npm\lib\utils\spawn.js:40:14)
14 verbose stack     at ChildProcess.emit (events.js:110:17)
14 verbose stack     at maybeClose (child_process.js:1019:16)
14 verbose stack     at Process.ChildProcess._handle.onexit (child_process.js:1091:5)
15 verbose pkgid ReactJSProject@1.0.0
16 verbose cwd C:\ReactJSProject
17 error Windows_NT 10.0.14393
18 error argv "C:\\nodejs\\\\node.exe" "C:\\nodejs\\node_modules\\npm\\bin\\npm-cli.js" "start"
19 error node v0.12.18
20 error npm  v3.10.10
21 error code ELIFECYCLE
22 error ReactJSProject@1.0.0 start: `webpack-dev-server`
22 error Exit status 1
23 error Failed at the ReactJSProject@1.0.0 start script 'webpack-dev-server'.
23 error Make sure you have the latest version of node.js and npm installed.
23 error If you do, this is most likely a problem with the ReactJSProject package,
23 error not with npm itself.
23 error Tell the author that this fails on your system:
23 error     webpack-dev-server
23 error You can get information on how to open an issue for this project with:
23 error     npm bugs ReactJSProject
23 error Or if that isn't available, you can get their info via:
23 error     npm owner ls ReactJSProject
23 error There is likely additional logging output above.
24 verbose exit [ 1, true ]
