Arguments: 
  C:\Program Files\nodejs\node.exe C:\Users\mohammaa\AppData\Roaming\npm\node_modules\yarn\bin\yarn.js add webpack -D

PATH: 
  C:\app\mohammaa\product\11.2.0\client_1;C:\app\mohammaa\product\11.2.0\client_1\bin;C:\oraclexe\app\oracle\product\11.2.0\server\bin;C:\ProgramData\Oracle\Java\javapath;C:\Program Files (x86)\RSA SecurID Token Common;C:\windows\system32;C:\windows;C:\windows\System32\Wbem;C:\windows\System32\WindowsPowerShell\v1.0\;C:\Program Files (x86)\Microsoft ASP.NET\ASP.NET Web Pages\v1.0\;C:\Program Files (x86)\Windows Kits\8.0\Windows Performance Toolkit\;C:\Program Files\Microsoft SQL Server\110\Tools\Binn\;c:\Program Files (x86)\Microsoft SQL Server\100\Tools\Binn\;c:\Program Files (x86)\Microsoft SQL Server\100\DTS\Binn\;c:\Program Files (x86)\Microsoft SQL Server\100\Tools\Binn\VSShell\Common7\IDE\;C:\Program Files\Git\cmd;C:\Program Files\Microsoft\Web Platform Installer\;C:\Users\mohammaa\.dnx\bin;C:\Program Files\Microsoft DNX\Dnvm\;C:\Program Files\Microsoft SQL Server\120\Tools\Binn\;C:\Program Files\Microsoft SQL Server\130\Tools\Binn\;C:\Program Files\TortoiseGit\bin;C:\Program Files\Microsoft SQL Server\Client SDK\ODBC\110\Tools\Binn\;C:\Program Files (x86)\Microsoft SQL Server\120\Tools\Binn\ManagementStudio\;C:\Program Files (x86)\Microsoft SQL Server\120\Tools\Binn\;C:\Program Files (x86)\Microsoft SQL Server\120\DTS\Binn\;C:\Program Files\Microsoft SQL Server\120\DTS\Binn\;C:\Program Files (x86)\Sennheiser\SoftphoneSDK\;C:\Program Files\PuTTY\;C:\PhantomJs\bin\phantomjs;C:\app\mohammaa\product\11.2.0\client_1\bin;C:\app\mohammaa\product\11.2.0\client_1\bin;C:\Program Files (x86)\WebEx\Productivity Tools;%NVM_HOME%;%NVM_SYMLINK%;C:\oracle\instantclient_12_2;C:\Program Files (x86)\Microsoft VS Code\bin;C:\PhantomJs\bin\PhantomJs;C:\Users\mohammaa\AppData\Roaming\npm;C:\Users\mohammaa\AppData\Local\atom\bin;C:\Users\mohammaa\AppData\Local\Programs\Fiddler;C:\Users\mohammaa\AppData\Roaming\nvm;C:\Program Files\nodejs

Yarn version: 
  1.6.0

Node version: 
  10.0.0

Platform: 
  win32 x64

Trace: 
  Error: connect EHOSTUNREACH 104.16.61.173:443
      at TCPConnectWrap.afterConnect [as oncomplete] (net.js:1161:14)

npm manifest: 
  {
    "name": "ReactJSProject",
    "version": "1.0.0",
    "description": "",
    "main": "index.js",
    "scripts": {
      "start":"webpack-dev-server"
    },
    "keywords": [],
    "author": "",
    "license": "ISC",
    "dependencies": {
      "react": "^16.3.2",
      "react-dom": "^16.3.2",
      "webpack-dev-server": "^3.1.3"
    }
  }

yarn manifest: 
  No manifest

Lockfile: 
  No lockfile
